client/plugins/gym-geofence/android/build/intermediates/manifest_merge_blame_file/release/processReleaseManifest/manifest-merger-blame-release-report.txt
1<?xml version="1.0" encoding="utf-8"?>
2<manifest xmlns:android="http://schemas.android.com/apk/res/android"
3    package="com.onemore.gymgeofence" >
4
5    <uses-sdk android:minSdkVersion="24" />
6
7    <uses-permission android:name="android.permission.ACCESS_FINE_LOCATION" />
7-->src/main/AndroidManifest.xml:3:5-79
7-->src/main/AndroidManifest.xml:3:22-76
8    <uses-permission android:name="android.permission.ACCESS_COARSE_LOCATION" />
8-->src/main/AndroidManifest.xml:4:5-81
8-->src/main/AndroidManifest.xml:4:22-78
9    <uses-permission android:name="android.permission.ACCESS_BACKGROUND_LOCATION" />
9-->src/main/AndroidManifest.xml:5:5-85
9-->src/main/AndroidManifest.xml:5:22-82
10
11    <application>
11-->src/main/AndroidManifest.xml:6:5-10:19
12        <receiver
12-->src/main/AndroidManifest.xml:7:9-9:40
13            android:name="com.onemore.gymgeofence.GeofenceBroadcastReceiver"
13-->src/main/AndroidManifest.xml:8:13-77
14            android:exported="false" />
14-->src/main/AndroidManifest.xml:9:13-37
15    </application>
16
17</manifest>